54417235697486
27204322879364
241531780923260
506088881512897
208847079791606
99991133635003
1473981236649392
139118285699340
377244157630906
439624262654202
583333868385018
425678503778135
136262132497340
63440961940754
488720033747354
2076320335202012
7338793440347054
6521641552387844
4108496996680152
4607885729354168
3841667858485908
3058450507157969
1052073714226878
472497942266283
1033094253761813
1236950611354
655583808207316
82738250012792
279739809971706
68247030340169
32917608616599798
11148532512161458
1176507506739673
10039546186233698
4670446223044427
21666924602006046
517277271295120
21636095326732520
3373550782926978
20007216094535467
6711401797660102
15297814518211692
5651403868791178
3965294197257120
12522303571523164
11241832086317418
9936501330566520
8887262294762864
7843443507560168
6737351989721279
5807070663179126
4889953411443041
4136010557218688
3454751434441227
2726333570760598
1220685540278566
1640943795312926
1123073818564651
834168548382500
503632160191870
271493472774124
118137370456806
5841799768999194
2771490857142196
20927193795082056
6278632302974304
81292555427461780
89489071016990534
17740525629151512
31054778221396098
25454785111091578
17112618590351150
196941430455998
27933840234692216
41760920511552784
25099788910433
89586609724237792
64123346348097596
61277797369736079
27458700887122369
58299911859311666
2076560853554960
539430712630673
66540090086582988
16629555028164247
60803800484129956
26578017843124033
54702142308794766
24681149831348176
46877248764552472
12584425978682610
17873996032737956
11324493027211943
40124516496294392
37805934235640448
12479216459885726
25322268189602158
31104672855831192
28975464293241430
27026910645041838
25170896362165638
8603760093734431
21294447858572154
19453165313572622
17840014251546010
15997370201983201
14229896670016552
13073974941493304
11908088888818744
10832122271464062
9641900934125634
8683603535777958
6494265431008483
6629814598853341
5676460707921048
2709351270273610
4019565403939992
3346187546180501
2633295989360282
1972876048001173
1586715538327182
1110360715393130
421392126417035
472330438546227
259132556877146
93278099738281
296141370972536214
32642180953779838
188281423451136147
53020465043622917
273163102661608488
5466067439910802
2712271848200625
279799939522430
115023261483430052
332696258545477784
403834437541157134
381296167153347844
13732874464137086
339322465371742727
456328696075221986
252241818741159855
230143537688156382
377934676638201766
424475199966244608
20337546324971112
185432554464582808
403140654292646837
7330521333551244
12753686345368775
63626264013331058
30870378095527416
1840780033846124
63748206724771552
23467709901213880
343505535885278114
294146977139439690
330197236117959228
30292971281680750
317492795867586536
221751455058025306
110131207833063530
114109081989531380
103283071456305004
85344998806172241
18302668128713326
274380609924700410
268592664750491110
262803791863350606
90705414347376
251131840276606310
245655615238876834
7834681774653606
234021141536494932
228433281708800456
5794159991721452
164084140340263900
211699092687433185
12056772066726970
3147536718912493
52060715946030074
189921937749355085
184460169571921416
136404278702020046
174330678180423550
169624149937158099
18107178396802426
114807727138731966
155102771016748488
150007870355816526
145071488347754244
8914857459880598
136110949615625524
132116664388975907
128011921193463346
123553831038730405
119572963290020614
115454673767903340
4321952576531848
4150080870249537
7986062192405662
54701949035627586
96407670626658594
92899743201925423
89425995126916716
2113201219697428
83107196289615526
79810847543931598
76759268984409058
26975796239791924
70415232919594978
67372901424594382
813853353173451
61356541299723762
58575528500138082
55867646108524209
53194192174862560
50483981911208930
47638806595063710
10703462231096095
42724711172227970
40141808034116931
37994448939693316
631162624192486
33639163122050392
31502696064772322
29482193124431094
27498536708427782
10928114790358989
23611406621217132
21714392580524762
19875369188275812
25692494388198
16563734654077599
14832059674604032
13100157061786208
4440566688341865
10072303901784714
8605379296381644
7786058449856299
6438533935402780
5750909671093876
280229436260334
4334987802192454
3780163926774140
2824868710698564
2338059937372402
1928350121990546
1527960385640974
1143084071166303
137000866841178
550172425800085
281191508925358
56444460215494
1001447147997132296
168460544512585567
1149306697184713118
140021083548030655
231653356190334
1212515520442122686
1080588002125419
657684416587157074
1187209908136209610
84928666151207609
42678256807271382
1739959060957063402
1849041759899247223
270792108912403560
1741373333558245140
343861309499136766
548580685191958896
440708947986049841
139089732773476934
707415782789844201
309916653942689357
1902582929597350426
1375295575569136377
386861087557801522
1267996598021173438
84147317109734990
1872809168322257140
1856848906637724214
1445903128534952034
1486838096770776633
10070349691699604
15216536557282290
748472186928801913
1027189283600750216
50393306561879557
12418236514275070
35802503790104079
1075996793748083132
207707315721448760
157698168213973736
1653275273600028550
768502582962924443
61787283569356767
148218187547207486
349211941102651416
1577268689043909172
1212668846480627691
1086905366436708756
1533048951294643522
1026392618706851618
196807006548848668
70743961126316350
91237612332324778
240593536717304292
1446594815839304022
592356379155889034
1418101925481768452
80748357300378985
175426083819691424
27058908151193612
121449614890402788
105402998593643084
1036126380403097888
1293003220476368715
30942864257745555
371493960856541410
1279535826530768854
513150263007965024
1253540889152567888
276444685307358644
1147964468369639704
1213839680338142582
1201159871725406122
21686045796700648
4759811607447402
222389017181861032
19955934185351067
93482080638133126
1123599127483300692
9981581307558226
649173341889090742
11138722806830830
14913492254852772
1062833178545911030
75994386849128130
630207114198360479
1026744642818603546
54665407453614543
1002933146555569416
943097586319492147
522190812687970001
966501460121204812
515464795124607
943243323149643673
931342870712830114
920060635868734243
14707385364150808
41132961933162534
885971652231295098
289655592395473796
62844442526069202
853105694890794215
841862604378805862
831270755462941457
66067553489515101
372019407157092154
799142411511573900
788245400874377246
186643928512878856
108923987014017777
41561651208890772
746691519261620667
735976825691242860
207391816013932570
715292933203816972
407131503544953141
694895102718408438
685550224542673613
13490612539004684
666929213437709183
657508494729406688
101804292740180103
638070881492450370
39398452275045776
436238557046576351
608930258526902992
348526932475515709
229392846123205772
138397633153713310
570929143797710406
561410396756140206
553188510794526981
543974264049307088
394256084942954710
6515611418423083
44981750846967960
510198589685782310
50713298805012897
493315829155530294
23536141614572288
147302053843888552
61667862003986672
460926587415500472
453298583762026689
444941157222698890
64415919565668
428299335768154150
420398459957524532
412216358278241270
405091424144171802
359360197209086854
388616268895798686
97087701389213396
374393682260092383
367615957577304750
359840112559780567
353473068354856424
149741419175527044
340174930480189408
1930016569355081
327247998038874490
112273254052549738
314121255129220042
93504461712871763
300872810026403106
40395305594520093
6647943655546497
282212061883916193
275662185216461310
268808800390148506
47129148596450362
256534685798576319
165786618133638070
89081495800750352
238393207792532604
232433365142345640
23434355184615982
221075495924065213
85542356848480972
3544911388248254
205420975781357346
199845914956356771
97106302893139030
189145579461393080
184367080451090182
179661282352208157
175157777212967406
170303643828644879
165878835375224408
161453704799332745
156622081338497062
137569511919915710
146764899463908944
141997232361203156
137900920186580648
133034550440515242
480409272037307
67701775662233090
119744916601428756
115811160349029960
4641339229683882
108116747911181671
104382823602231948
101007962854213726
96924191984135968
93645297985451706
89848954916892384
85936888249467087
82881890895860406
79704177736758615
76167130433806440
72584088326141833
69667023847350174
66756388934646754
4735046826187175
61109189838678479
58456772654753848
55689903182453131
52936434008133352
50430389309746571
47795298024068286
45072602290353493
42582118258535278
40348589235108742
37785687759747358
35682528173714775
33298168488970632
31271811508138775
29086660996503622
27189694200500597
25363456925914082
23466417115465675
21567332900583388
19895168987894852
18152086575216820
16558520564026985
15180424472209874
13543758464216632
12329425180487086
10777773755238498
9514684002741758
8229273305205926
6906616651359534
5641735897561230
4315299672500700
3704954754747611
3099214041968232
2708775744768175
2283221795021622
1909057128971771
1507069664791632
1170322753860505
842990411242202
422315544405287
263839841050332
125975685761352
1991666753273718726
5387968416038382926
1118851917310890408
9048035775839810073
1166474935607660896
8835560230373674968
252606379858877654
5638626744760454852
1337805381562934153
903891578644747568
21871957751028042
98087939141918654
3791454519700367458
2364932293651549698
4312659744769277890
264929396948148340
3671047409337747767
3253974091586922128
1267074442778065180
7094218975924576158
947028074103196222
4544856843758633087
3808747514033331941
7517768034910231744
6602095601489009405
8351783248706702158
2646520459995868148
7811804459590707950
6357780308104727935
2386285144474228688
1995819041756050168
8148254798724939551
983336709724241494
5037818664529098208
4959087795101056263
7545368409589959511
1433147565294241304
2328802440338570095
4149902826631052144
15143058256555162
764171207232142117
2964782097958938556
1335516537657190708
6331675784635573788
712248144987922366
185085422321326432
170487330989808649
5141650684345540534
100001342779180187
2806899864623978836
1285770731773021144
607260353766412730
10580428597957558
2661900471598430
1053244286100163446
7356318534882882372
2966401017161552594
3005799963357751982
1019541931122836050
3025623921788013659
5219321006088336326
97090596196025432
3388837963086512420
5720882884691071954
164593042425326614
2405116381342887227
6757140407626139422
508907531105787276
922539424706191676
70050916657008
1240598580731406328
1099874428216300105
273360873019017198
2380009278131775964
5435327036148795097
3940477876072804
3840616484907147042
409830443814848320
1525018152725536598
2183319004497442783
424871857376138026
440527889347158798
1253254998952842507
692102197156416994
6447920732386578388
1111427791462047768
105816784333074438
910670974070796291
409251465044105536
19047209299415636
4387639243730381256
255428568510238404
6211536461187496860
1612085283094791146
4504500480635529652
1285552994110674663
5495157524027383012
1508756916913465155
4925184074879540098
6007264917439007479
629021265140405102
34633375037503153
2530631942990640462
5894213076008976374
1658962776671570768
5836845893607780780
4824952543327094388
154894224584744666
1368661839667448983
5725029731449416030
651762352472073980
83117100484706210
5641526706677881186
5614338687514110362
1315261020909530364
5557145425519017101
402478804126842818
690758817283198544
428642976100926070
975765330917960040
268231685633772641
375266531283294169
142733033273077255
221878122231894239
180110969722806306
2673488963378943729
2427111823698664716
1664297624269584017
174635397520416478
5173513728165932591
1288599066521096685
5121618862381642735
1261938344787966690
576244260317115764
1496225671218702568
5011260313341063894
1753918907265639149
4955871830964179296
4928364386493342478
3445285739021524426
161585233878653520
4850760967455463543
2085287153331218547
661971652945811221
4774046838576388846
4747097486451056473
1538843489245983794
21802332036546815
4669918586276281788
1286439071633560720
4620007930958636840
178944752959171756
4569388863735059990
4544895361024928660
204034689187358572
4495426159625983368
4470990226657406126
2649225284370352540
4420143088081071298
3864175462863326257
122791500113668143
4346550760477072438
4322340875932318466
539471145454516141
4274860725428050044
216528886492703470
677460636457001216
3199280036699870501
3307050498577566074
4153877101604098120
1518230536732186062
4104402552971574132
2649529101767259994
4057609206393227391
4033007199924500412
4008964144794697507
756866842248512854
3962530974173742243
2175672077217024528
3915163119884986589
954049005602292810
463367795286440816
2461674404791638668
3824456971099679056
3244944257850371957
3778531525742850897
744969834376010795
155705621217206600
3707954248002049576
2244435903801862358
1200988347911833538
3639797935951847608
3327762003410174854
124799586303614964
6081072397182152
3550389301082240524
3528588949025702158
1111969099072553109
1418630670316528228
137445103897354752
842064218733956204
3418115681408014695
241885686219156888
2299120157571425512
496446645565735306
1491374290907273575
2766001888924608
171859998242973409
3267610879040549702
2792108173347141378
3224733825377631964
3203810054671559260
1906353421259052398
1505955953988952466
538639163046106254
685244852281328
3098339809774559088
22871332216902649
16466586789149408
4162879872655910
3016338292685158254
2177454291076423348
2975540432690608782
1593410627846797460
2125005262842132358
2914618245727996018
41676670433185750
1921856822977363674
66693695296920605
1533939959441882598
10779057950487115
2794115946003903927
2774461565767417764
2754561049545174960
2735516829542664300
2716408017527051794
2696817688137930832
2677265532418130540
2657667592347032716
505176931101133130
2486672020696745053
2599774160487782844
2580131690195817816
1089002392811993731
2248415483059398712
2230075543204653607
1255017851097230642
2006626519503403456
2465068184869748630
440707869950303756
2427723847949288174
134759465141256854
3421297934340770
2372853974282746932
698465569161102108
1241152670165554223
2318963559318234472
480986343844468458
2282560636279636616
759393717538329154
602610145429412680
2229399137395014204
1971827594951765980
2193885564644663555
2175669405747383380
17704404953708060
67942568707303931
887888332927127486
33325682049269874
171773351572832270
213462700749264484
2054022819361321313
247227513140394954
2020034604246405935
121560708515191794
455855008426363194
1969386352720310744
37887495664692680
246970201649586583
1918972494739803540
1108624504960218716
408321269615763582
1869615439232243546
1853261144363102530
1837567449823816984
1820632264923016613
264481380320083112
830388680849295807
1773021744981631984
1758073076944565461
1741498574807231868
386164229114053896
787382842592040036
1695211948470673304
1680606718903595886
1665311824962970739
1650311162051809664
742694334921850
745650603872428446
1603379311368346979
1589226625325433310
1573877941214299390
1558197307670797006
705508864556881110
1529127869493212656
1011373070827640346
1499364879996366320
1485275231188608323
1470801569354905174
1456266150186350363
1442057432000271824
1427347095993798123
1413093160392024570
1399376477954353536
423576336324228743
1371754104453024618
1357397613622282712
1344038062010187657
1302825011822045166
1315900236599099904
1302464062770623526
1289062016752302480
528667490228208100
235732518500495437
1033202959374446520
1234481482147888802
1220932767291481100
1208154857330713338
1008051171322218199
764391328601133845
1168268118813960726
1154913652443477670
1142702162769792540
1130507127115941076
722396319452850
1105837771264702378
1093397097841171774
1080553655269515993
7287305372656594
1057088427859654438
1044817306860123324
1032303309755085424
1020576494255971816
1009121782115114771
997596838669043678
986093374354306783
973956032996335664
328987459794004528
951681722708477142
940407759971332723
928816227352227216
916771017337784554
905229555447487012
893743180807821833
881877509016315028
104804220023389760
858636590568953474
848155311291006068
129475336811041442
827564812867087000
816310770188400904
806324610445426419
796041427944103848
785052084099980519
774355682795235526
763648509712506465
137895207880160690
743847924494188976
734162614325555950
724431871992846733
714490324075252206
704812654653468897
694464231599080316
685200442405847422
438971882823806068
665265051049187458
3990454115671680
645256301651172228
500718922551601188
625871722670597399
384709412022664368
607352751398796161
598833683765004136
7788708444388238
580407921873597818
322136402839564630
21730868075221772
552942980399088272
842045518338570
534634075978140771
526656388972161216
517322076416178268
509478985095312344
103387550830614894
637295837493174
361776094838236557
476224848610794618
425060028460133
459404743063641982
451435048991954265
443971697204657564
155078315473576174
427730742227690576
420559796108982692
361392953690706193
405199124744181988
398153810713937446
84699512466279236
382983445055106324
375121683511692397
367759126017183578
360631576248126846
354206099013233314
347054536082094569
340080690307824422
333778654727976238
327295886924386120
321057408270714467
314341750160435056
308046874291172143
301117743421466590
294621575320050389
287853527198869806
11745678995383006
269625754709687074
269735881966130416
1942544988938138
257286210586262823
87475070656997312
2149029836695359
240474007778621274
234512799328858342
228427071187249074
222585971497957756
217256350873994598
211488927053675011
206272667796613176
201096055382622086
195470292468748056
189940504894087520
184352305764177020
179099440500908789
137751180446942934
169789497589099707
164569325616930850
1360087293983928
155592131001490914
151053239626752013
146081398368729272
141950052145755979
137349815753180392
133118177748960058
128837645837013790
124154615359948198
120399186149674786
116656706265804526
112900697234969436
108824279348905419
104733662300970892
101044427126743220
97069903044846274
93008959925986045
88962465077144508
85310974075568153
82209359146952494
18821409984097108
74968740069020786
71964290185615376
68397156636804262
41440928268056338
62332233316681350
59538339910075416
56869241073190462
54344715130530561
51820704583988166
49367174450747724
46916942852415366
44570396059566926
41896985075657758
39599207636489638
37322853494227678
35295757778989176
32842085911934862
30950255896784808
29018224987769198
26918020339284209
25112467627225648
23349997732104286
21664442111341594
20060804401816988
18307341053163574
16569077593808129
15202449064623688
13793012596446689
132650064951388
10998328915926111
9850017869420566
8731436586591378
7613800196590102
6602408412580519
5643518308795204
4917046065279602
4133390627185472
3470685763220831
2741735323603810
2093981240751437
210745455295326
1133012372881081
685090233517160
481860970946062
121264106682108
58295591113320
58295591113320
58295591113320
58295591113320
58295591113320
58295591113320
58295591113320
58295591113320
58295591113320
58295591113320
58295591113320
58295591113320
58295591113320
58295591113320
58295591113320
58295591113320
58295591113320
58295591113320
58295591113320
58295591113320
58295591113320
58295591113320
58295591113320
58295591113320
58295591113320
58295591113320
58295591113320
58295591113320
58295591113320
58295591113320
58295591113320
58295591113320
58295591113320
58295591113320
58295591113320
58295591113320
58295591113320
58295591113320
58295591113320
58295591113320
58295591113320
58295591113320
58295591113320
58295591113320
58295591113320
58295591113320
58295591113320
58295591113320
58295591113320
58295591113320
58295591113320
58295591113320
58295591113320
58295591113320
58295591113320
58295591113320
58295591113320
58295591113320
58295591113320
58295591113320
58295591113320
58295591113320
58295591113320
58295591113320
58295591113320
58295591113320
58295591113320
58295591113320
58295591113320
58295591113320
58295591113320
58295591113320
58295591113320
58295591113320
58295591113320
58295591113320
58295591113320
58295591113320
58295591113320
58295591113320
58295591113320
58295591113320
58295591113320
58295591113320
58295591113320
58295591113320
58295591113320
58295591113320
58295591113320
58295591113320
58295591113320
58295591113320
58295591113320
58295591113320
58295591113320
58295591113320
58295591113320
58295591113320
58295591113320
58295591113320
58295591113320
58295591113320
58295591113320
58295591113320
58295591113320
58295591113320
58295591113320
58295591113320
58295591113320
58295591113320
58295591113320
58295591113320
58295591113320
58295591113320
58295591113320
58295591113320
58295591113320
58295591113320
58295591113320
58295591113320
58295591113320
58295591113320
58295591113320
58295591113320
58295591113320
58295591113320
58295591113320
58295591113320
58295591113320
58295591113320
58295591113320
58295591113320
58295591113320
58295591113320
58295591113320
58295591113320
58295591113320
58295591113320
58295591113320
58295591113320
58295591113320
58295591113320
58295591113320
58295591113320
58295591113320
58295591113320
58295591113320
58295591113320
58295591113320
58295591113320
58295591113320
58295591113320
58295591113320
58295591113320
58295591113320
58295591113320
58295591113320
58295591113320
58295591113320
58295591113320
58295591113320
58295591113320
58295591113320
58295591113320
58295591113320
58295591113320
58295591113320
58295591113320
58295591113320
58295591113320
58295591113320
58295591113320
58295591113320
58295591113320
58295591113320
58295591113320
58295591113320
58295591113320
58295591113320
58295591113320
58295591113320
58295591113320
58295591113320
58295591113320
58295591113320
58295591113320
58295591113320
58295591113320
58295591113320
58295591113320
58295591113320
58295591113320
58295591113320
58295591113320
58295591113320
58295591113320
58295591113320
58295591113320
58295591113320
58295591113320
58295591113320
58295591113320
58295591113320
58295591113320
58295591113320
58295591113320
58295591113320
58295591113320
58295591113320
58295591113320
58295591113320
58295591113320
58295591113320
58295591113320
58295591113320
58295591113320
58295591113320
58295591113320
58295591113320
58295591113320
58295591113320
58295591113320
58295591113320
58295591113320
58295591113320
58295591113320
58295591113320
58295591113320
58295591113320
58295591113320
58295591113320
58295591113320
58295591113320
58295591113320
58295591113320
58295591113320
58295591113320
58295591113320
58295591113320
58295591113320
58295591113320
58295591113320
58295591113320
58295591113320
58295591113320
58295591113320
58295591113320
58295591113320
58295591113320
58295591113320
58295591113320
58295591113320
58295591113320
58295591113320
58295591113320
58295591113320
58295591113320
58295591113320
58295591113320
58295591113320
58295591113320
58295591113320
58295591113320
58295591113320
58295591113320
58295591113320
58295591113320
58295591113320
58295591113320
58295591113320
58295591113320
58295591113320
58295591113320
58295591113320
58295591113320
58295591113320
58295591113320
58295591113320
58295591113320
58295591113320
58295591113320
58295591113320
58295591113320
58295591113320
58295591113320
58295591113320
58295591113320
58295591113320
58295591113320
58295591113320
58295591113320
58295591113320
58295591113320
58295591113320
58295591113320
58295591113320
58295591113320
58295591113320
58295591113320
58295591113320
58295591113320
58295591113320
58295591113320
58295591113320
58295591113320
58295591113320
58295591113320
58295591113320
58295591113320
58295591113320
58295591113320
58295591113320
58295591113320
58295591113320
58295591113320
58295591113320
58295591113320
58295591113320
58295591113320
58295591113320
58295591113320
58295591113320
58295591113320
58295591113320
58295591113320
58295591113320
58295591113320
58295591113320
58295591113320
58295591113320
58295591113320
58295591113320
58295591113320
58295591113320
58295591113320
58295591113320
58295591113320
58295591113320
58295591113320
58295591113320
58295591113320
58295591113320
58295591113320
58295591113320
58295591113320
58295591113320
58295591113320
58295591113320
58295591113320
58295591113320
58295591113320
58295591113320
58295591113320
58295591113320
58295591113320
58295591113320
58295591113320
58295591113320
58295591113320
58295591113320
58295591113320
58295591113320
58295591113320
58295591113320
58295591113320
58295591113320
58295591113320
58295591113320
58295591113320
58295591113320
58295591113320
58295591113320
58295591113320
58295591113320
58295591113320
58295591113320
58295591113320
58295591113320
58295591113320
58295591113320
58295591113320
58295591113320
58295591113320
58295591113320
58295591113320
58295591113320
58295591113320
58295591113320
58295591113320
58295591113320
58295591113320
58295591113320
58295591113320
58295591113320
58295591113320
58295591113320
58295591113320
58295591113320
58295591113320
58295591113320
58295591113320
58295591113320
58295591113320
58295591113320
58295591113320
58295591113320
58295591113320
58295591113320
58295591113320
58295591113320
58295591113320
58295591113320
58295591113320
58295591113320
58295591113320
58295591113320
58295591113320
58295591113320
58295591113320
58295591113320
58295591113320
58295591113320
58295591113320
58295591113320
58295591113320
58295591113320
58295591113320
58295591113320
58295591113320
58295591113320
58295591113320
58295591113320
58295591113320
58295591113320
58295591113320
58295591113320
58295591113320
58295591113320
58295591113320
58295591113320
58295591113320
58295591113320
58295591113320
58295591113320
58295591113320
58295591113320
58295591113320
58295591113320
58295591113320
58295591113320
58295591113320
58295591113320
58295591113320
58295591113320
58295591113320
58295591113320
58295591113320
58295591113320
58295591113320
58295591113320
58295591113320
58295591113320
58295591113320
58295591113320
58295591113320
58295591113320
58295591113320
58295591113320
58295591113320
58295591113320
58295591113320
58295591113320
58295591113320
58295591113320
58295591113320
58295591113320
58295591113320
58295591113320
58295591113320
58295591113320
58295591113320
58295591113320
58295591113320
58295591113320
58295591113320
58295591113320
58295591113320
58295591113320
58295591113320
58295591113320
58295591113320
58295591113320
58295591113320
58295591113320
58295591113320
58295591113320
58295591113320
58295591113320
58295591113320
58295591113320
58295591113320
58295591113320
58295591113320
58295591113320
58295591113320
58295591113320
58295591113320
58295591113320
58295591113320
58295591113320
58295591113320
58295591113320
58295591113320
58295591113320
58295591113320
58295591113320
58295591113320
58295591113320
58295591113320
58295591113320
58295591113320
58295591113320
58295591113320
58295591113320
58295591113320
58295591113320
58295591113320
58295591113320
58295591113320
58295591113320
58295591113320
58295591113320
58295591113320
58295591113320
58295591113320
58295591113320
58295591113320
58295591113320
58295591113320
58295591113320
58295591113320
58295591113320
58295591113320
58295591113320
58295591113320
58295591113320
58295591113320
58295591113320
58295591113320
58295591113320
58295591113320
58295591113320
58295591113320
58295591113320
58295591113320
58295591113320
58295591113320
58295591113320
58295591113320
58295591113320
58295591113320
58295591113320
58295591113320
58295591113320
58295591113320
58295591113320
58295591113320
58295591113320
58295591113320
58295591113320
58295591113320
58295591113320
58295591113320
58295591113320
58295591113320
58295591113320
58295591113320
58295591113320
58295591113320
58295591113320
58295591113320
58295591113320
58295591113320
58295591113320
58295591113320
58295591113320
58295591113320
58295591113320
58295591113320
58295591113320
58295591113320
58295591113320
58295591113320
58295591113320
58295591113320
58295591113320
58295591113320
58295591113320
58295591113320
58295591113320
58295591113320
58295591113320
58295591113320
58295591113320
58295591113320
58295591113320
58295591113320
58295591113320
58295591113320
58295591113320
58295591113320
58295591113320
58295591113320
58295591113320
58295591113320
58295591113320
58295591113320
58295591113320
58295591113320
58295591113320
58295591113320
58295591113320
58295591113320
58295591113320
58295591113320
58295591113320
58295591113320
58295591113320
58295591113320
58295591113320
58295591113320
58295591113320
58295591113320
58295591113320
58295591113320
58295591113320
58295591113320
58295591113320
58295591113320
58295591113320
58295591113320
58295591113320
58295591113320
58295591113320
58295591113320
58295591113320
58295591113320
58295591113320
58295591113320
58295591113320
58295591113320
58295591113320
58295591113320
58295591113320
58295591113320
58295591113320
58295591113320
58295591113320
58295591113320
58295591113320
58295591113320
58295591113320
58295591113320
58295591113320
58295591113320
58295591113320
58295591113320
58295591113320
58295591113320
58295591113320
58295591113320
58295591113320
58295591113320
58295591113320
58295591113320
58295591113320
58295591113320
58295591113320
58295591113320
58295591113320
58295591113320
58295591113320
58295591113320
58295591113320
58295591113320
58295591113320
58295591113320
58295591113320
58295591113320
58295591113320
58295591113320
58295591113320
58295591113320
58295591113320
58295591113320
58295591113320
58295591113320
58295591113320
58295591113320
58295591113320
58295591113320
58295591113320
58295591113320
58295591113320
58295591113320
58295591113320
58295591113320
58295591113320
58295591113320
58295591113320
58295591113320
58295591113320
58295591113320
58295591113320
58295591113320
58295591113320
58295591113320
58295591113320
58295591113320
58295591113320
58295591113320
58295591113320
58295591113320
58295591113320
58295591113320
58295591113320
58295591113320
58295591113320
58295591113320
58295591113320
58295591113320
58295591113320
58295591113320
58295591113320
58295591113320
58295591113320
58295591113320
58295591113320
58295591113320
58295591113320
58295591113320
58295591113320
58295591113320
58295591113320
58295591113320
58295591113320
58295591113320
58295591113320
58295591113320
58295591113320
58295591113320
58295591113320
58295591113320
58295591113320
58295591113320
58295591113320
58295591113320
58295591113320
58295591113320
58295591113320
58295591113320
58295591113320
58295591113320
58295591113320
58295591113320
58295591113320
58295591113320
58295591113320
58295591113320
58295591113320
58295591113320
58295591113320
58295591113320
58295591113320
58295591113320
58295591113320
58295591113320
58295591113320
58295591113320
58295591113320
58295591113320
58295591113320
58295591113320
58295591113320
58295591113320
58295591113320
58295591113320
58295591113320
58295591113320
58295591113320
58295591113320
58295591113320
58295591113320
58295591113320
58295591113320
58295591113320
58295591113320
58295591113320
58295591113320
58295591113320
58295591113320
58295591113320
58295591113320
58295591113320
58295591113320
58295591113320
58295591113320
58295591113320
58295591113320
58295591113320
58295591113320
58295591113320
58295591113320
58295591113320
58295591113320
58295591113320
58295591113320
58295591113320
58295591113320
58295591113320
58295591113320
58295591113320
58295591113320
58295591113320
58295591113320
58295591113320
58295591113320
58295591113320
58295591113320
58295591113320
58295591113320
58295591113320
58295591113320
58295591113320
58295591113320
58295591113320
58295591113320
58295591113320
58295591113320
58295591113320
58295591113320
58295591113320
58295591113320
58295591113320
58295591113320
58295591113320
58295591113320
58295591113320
58295591113320
58295591113320
58295591113320
58295591113320
58295591113320
58295591113320
58295591113320
58295591113320
58295591113320
58295591113320
58295591113320
58295591113320
58295591113320
58295591113320
58295591113320
58295591113320
58295591113320
58295591113320
58295591113320
58295591113320
58295591113320
58295591113320
58295591113320
58295591113320
58295591113320
58295591113320
58295591113320
58295591113320
58295591113320
58295591113320
58295591113320
58295591113320
58295591113320
58295591113320
58295591113320
58295591113320
58295591113320
58295591113320
58295591113320
58295591113320
58295591113320
58295591113320
58295591113320
58295591113320
58295591113320
58295591113320
58295591113320
58295591113320
58295591113320
58295591113320
58295591113320
58295591113320
58295591113320
58295591113320
58295591113320
58295591113320
58295591113320
58295591113320
58295591113320
58295591113320
58295591113320
58295591113320
58295591113320
58295591113320
58295591113320
58295591113320
58295591113320
58295591113320
58295591113320
58295591113320
58295591113320
58295591113320
58295591113320
58295591113320
58295591113320
58295591113320
58295591113320
58295591113320
58295591113320
58295591113320
58295591113320
58295591113320
58295591113320
58295591113320
58295591113320
58295591113320
58295591113320
58295591113320
58295591113320
58295591113320
58295591113320
58295591113320
58295591113320
58295591113320
58295591113320
58295591113320
58295591113320
58295591113320
58295591113320
58295591113320
58295591113320
58295591113320
58295591113320
58295591113320
58295591113320
58295591113320
58295591113320
58295591113320
58295591113320
58295591113320
58295591113320
58295591113320
58295591113320
58295591113320
58295591113320
58295591113320
58295591113320
58295591113320
58295591113320
58295591113320
58295591113320
58295591113320
58295591113320
58295591113320
58295591113320
58295591113320
58295591113320
58295591113320
58295591113320
58295591113320
58295591113320
58295591113320
58295591113320
58295591113320
58295591113320
58295591113320
58295591113320
58295591113320
58295591113320
58295591113320
58295591113320
58295591113320
58295591113320
58295591113320
58295591113320
58295591113320
58295591113320
58295591113320
58295591113320
58295591113320
58295591113320
58295591113320
58295591113320
58295591113320
58295591113320
58295591113320
58295591113320
58295591113320
58295591113320
58295591113320
58295591113320
58295591113320
58295591113320
58295591113320
58295591113320
58295591113320
58295591113320
58295591113320
58295591113320
58295591113320
58295591113320
58295591113320
58295591113320
58295591113320
58295591113320
58295591113320
58295591113320
58295591113320
58295591113320
58295591113320
58295591113320
58295591113320
58295591113320
58295591113320
58295591113320
58295591113320
58295591113320
58295591113320
58295591113320
58295591113320
58295591113320
58295591113320
58295591113320
58295591113320
58295591113320
58295591113320
58295591113320
58295591113320
58295591113320
58295591113320
58295591113320
58295591113320
58295591113320
58295591113320
58295591113320
58295591113320
58295591113320
58295591113320
58295591113320
58295591113320
58295591113320
58295591113320
58295591113320
58295591113320
58295591113320
58295591113320
58295591113320
58295591113320
58295591113320
58295591113320
58295591113320
58295591113320
58295591113320
58295591113320
58295591113320
58295591113320
58295591113320
58295591113320
58295591113320
58295591113320
58295591113320
58295591113320
58295591113320
58295591113320
58295591113320
58295591113320
58295591113320
58295591113320
58295591113320
58295591113320
58295591113320
58295591113320
58295591113320
58295591113320
58295591113320
58295591113320
58295591113320
58295591113320
58295591113320
58295591113320
58295591113320
58295591113320
58295591113320
58295591113320
58295591113320
58295591113320
58295591113320
58295591113320
58295591113320
58295591113320
58295591113320
58295591113320
58295591113320
58295591113320
58295591113320
58295591113320
58295591113320
58295591113320
58295591113320
58295591113320
58295591113320
58295591113320
58295591113320
58295591113320
58295591113320
58295591113320
58295591113320
58295591113320
58295591113320
58295591113320
58295591113320
58295591113320
58295591113320
58295591113320
58295591113320
58295591113320
58295591113320
58295591113320
58295591113320
58295591113320
58295591113320
58295591113320
58295591113320
58295591113320
58295591113320
58295591113320
58295591113320
58295591113320
58295591113320
58295591113320
58295591113320
58295591113320
58295591113320
58295591113320
58295591113320
58295591113320
58295591113320
58295591113320
58295591113320
58295591113320
58295591113320
58295591113320
58295591113320
58295591113320
58295591113320
58295591113320
58295591113320
58295591113320
58295591113320
58295591113320
58295591113320
58295591113320
58295591113320
58295591113320
58295591113320
58295591113320
58295591113320
58295591113320
58295591113320
58295591113320
58295591113320
58295591113320
58295591113320
58295591113320
58295591113320
58295591113320
58295591113320
58295591113320
58295591113320
58295591113320
58295591113320
58295591113320
58295591113320
58295591113320
58295591113320
58295591113320
58295591113320
58295591113320
58295591113320
58295591113320
58295591113320
58295591113320
58295591113320
58295591113320
58295591113320
58295591113320
58295591113320
58295591113320
58295591113320
58295591113320
58295591113320
58295591113320
58295591113320
58295591113320
58295591113320
58295591113320
58295591113320
58295591113320
58295591113320
58295591113320
58295591113320
58295591113320
58295591113320
58295591113320
58295591113320
58295591113320
58295591113320
58295591113320
58295591113320
58295591113320
58295591113320
58295591113320
58295591113320
58295591113320
58295591113320
58295591113320
58295591113320
58295591113320
58295591113320
58295591113320
58295591113320
58295591113320
58295591113320
58295591113320
58295591113320
58295591113320
58295591113320
58295591113320
58295591113320
58295591113320
58295591113320
58295591113320
58295591113320
58295591113320
58295591113320
58295591113320
58295591113320
58295591113320
58295591113320
58295591113320
58295591113320
58295591113320
58295591113320
58295591113320
58295591113320
58295591113320
58295591113320
58295591113320
58295591113320
58295591113320
58295591113320
58295591113320
58295591113320
58295591113320
58295591113320
58295591113320
58295591113320
58295591113320
58295591113320
58295591113320
58295591113320
58295591113320
58295591113320
58295591113320
58295591113320
58295591113320
58295591113320
58295591113320
58295591113320
58295591113320
58295591113320
58295591113320
58295591113320
58295591113320
58295591113320
58295591113320
58295591113320
58295591113320
58295591113320
58295591113320
58295591113320
58295591113320
58295591113320
58295591113320
58295591113320
58295591113320
58295591113320
58295591113320
58295591113320
58295591113320
58295591113320
58295591113320
58295591113320
58295591113320
58295591113320
58295591113320
58295591113320
58295591113320
58295591113320
58295591113320
58295591113320
58295591113320
58295591113320
58295591113320
58295591113320
58295591113320
58295591113320
58295591113320
58295591113320
58295591113320
58295591113320
58295591113320
58295591113320
58295591113320
58295591113320
58295591113320
58295591113320
58295591113320
58295591113320
58295591113320
58295591113320
58295591113320
58295591113320
58295591113320
58295591113320
58295591113320
58295591113320
58295591113320
58295591113320
58295591113320
58295591113320
58295591113320
58295591113320
58295591113320
58295591113320
58295591113320
58295591113320
58295591113320
58295591113320
58295591113320
58295591113320
58295591113320
58295591113320
58295591113320
58295591113320
58295591113320
58295591113320
58295591113320
58295591113320
58295591113320
58295591113320
58295591113320
58295591113320
58295591113320
58295591113320
58295591113320
58295591113320
58295591113320
58295591113320
58295591113320
58295591113320
58295591113320
58295591113320
58295591113320
58295591113320
58295591113320
58295591113320
58295591113320
58295591113320
58295591113320
58295591113320
58295591113320
58295591113320
58295591113320
58295591113320
58295591113320
58295591113320
58295591113320
58295591113320
58295591113320
58295591113320
58295591113320
58295591113320
58295591113320
58295591113320
58295591113320
58295591113320
58295591113320
58295591113320
58295591113320
58295591113320
58295591113320
58295591113320
58295591113320
58295591113320
58295591113320
58295591113320
58295591113320
58295591113320
58295591113320
58295591113320
58295591113320
58295591113320
58295591113320
58295591113320
58295591113320
58295591113320
58295591113320
58295591113320
58295591113320
58295591113320
58295591113320
58295591113320
58295591113320
58295591113320
58295591113320
58295591113320
58295591113320
58295591113320
58295591113320
58295591113320
58295591113320
58295591113320
58295591113320
58295591113320
58295591113320
58295591113320
58295591113320
58295591113320
58295591113320
58295591113320
58295591113320
58295591113320
58295591113320
58295591113320
58295591113320
58295591113320
58295591113320
58295591113320
58295591113320
58295591113320
58295591113320
58295591113320
58295591113320
58295591113320
58295591113320
58295591113320
58295591113320
58295591113320
58295591113320
58295591113320
58295591113320
58295591113320
58295591113320
58295591113320
58295591113320
58295591113320
58295591113320
58295591113320
58295591113320
58295591113320
58295591113320
58295591113320
58295591113320
58295591113320
58295591113320
58295591113320
58295591113320
58295591113320
58295591113320
58295591113320
58295591113320
58295591113320
58295591113320
58295591113320
58295591113320
58295591113320
58295591113320
58295591113320
58295591113320
58295591113320
58295591113320
58295591113320
58295591113320
58295591113320
58295591113320
58295591113320
58295591113320
58295591113320
58295591113320
58295591113320
58295591113320
58295591113320
58295591113320
58295591113320
58295591113320
58295591113320
58295591113320
58295591113320
58295591113320
58295591113320
58295591113320
58295591113320
58295591113320
58295591113320
58295591113320
58295591113320
58295591113320
58295591113320
58295591113320
58295591113320
58295591113320
58295591113320
58295591113320
58295591113320
58295591113320
58295591113320
58295591113320
58295591113320
58295591113320
58295591113320
58295591113320
58295591113320
58295591113320
58295591113320
58295591113320
58295591113320
58295591113320
58295591113320
58295591113320
58295591113320
58295591113320
58295591113320
58295591113320
58295591113320
58295591113320
58295591113320
58295591113320
58295591113320
58295591113320
58295591113320
58295591113320
58295591113320
58295591113320
58295591113320
58295591113320
58295591113320
58295591113320
58295591113320
58295591113320
58295591113320
58295591113320
58295591113320
58295591113320
58295591113320
58295591113320
58295591113320
58295591113320
58295591113320
58295591113320
58295591113320
58295591113320
58295591113320
58295591113320
58295591113320
58295591113320
58295591113320
58295591113320
58295591113320
58295591113320
58295591113320
58295591113320
58295591113320
58295591113320
58295591113320
58295591113320
58295591113320
58295591113320
58295591113320
58295591113320
58295591113320
58295591113320
58295591113320
58295591113320
58295591113320
58295591113320
58295591113320
58295591113320
58295591113320
58295591113320
58295591113320
58295591113320
58295591113320
58295591113320
58295591113320
58295591113320
58295591113320
58295591113320
58295591113320
58295591113320
58295591113320
58295591113320
58295591113320
58295591113320
58295591113320
58295591113320
58295591113320
58295591113320
58295591113320
58295591113320
58295591113320
58295591113320
58295591113320
58295591113320
58295591113320
58295591113320
58295591113320
58295591113320
58295591113320
58295591113320
58295591113320
58295591113320
58295591113320
58295591113320
58295591113320
58295591113320
58295591113320
58295591113320
58295591113320
58295591113320
58295591113320
58295591113320
58295591113320
58295591113320
58295591113320
58295591113320
58295591113320
58295591113320
58295591113320
58295591113320
58295591113320
58295591113320
58295591113320
58295591113320
58295591113320
58295591113320
58295591113320
58295591113320
58295591113320
58295591113320
58295591113320
58295591113320
58295591113320
58295591113320
58295591113320
58295591113320
58295591113320
58295591113320
58295591113320
58295591113320
58295591113320
58295591113320
58295591113320
58295591113320
58295591113320
58295591113320
58295591113320
58295591113320
58295591113320
58295591113320
58295591113320
58295591113320
58295591113320
58295591113320
58295591113320
58295591113320
58295591113320
58295591113320
58295591113320
58295591113320
58295591113320
58295591113320
58295591113320
58295591113320
58295591113320
58295591113320
58295591113320
58295591113320
58295591113320
58295591113320
58295591113320
58295591113320
58295591113320
58295591113320
58295591113320
58295591113320
58295591113320
58295591113320
58295591113320
58295591113320
58295591113320
58295591113320
58295591113320
58295591113320
58295591113320
58295591113320
58295591113320
58295591113320
58295591113320
58295591113320
58295591113320
58295591113320
58295591113320
58295591113320
58295591113320
58295591113320
58295591113320
58295591113320
58295591113320
58295591113320
58295591113320
58295591113320
58295591113320
58295591113320
58295591113320
58295591113320
58295591113320
58295591113320
58295591113320
58295591113320
58295591113320
58295591113320
58295591113320
58295591113320
58295591113320
58295591113320
58295591113320
58295591113320
58295591113320
58295591113320
58295591113320
58295591113320
58295591113320
58295591113320
58295591113320
58295591113320
58295591113320
58295591113320
58295591113320
58295591113320
58295591113320
58295591113320
58295591113320
58295591113320
58295591113320
58295591113320
58295591113320
58295591113320
58295591113320
58295591113320
58295591113320
58295591113320
58295591113320
58295591113320
58295591113320
58295591113320
58295591113320
58295591113320
58295591113320
58295591113320
58295591113320
58295591113320
58295591113320
58295591113320
58295591113320
58295591113320
58295591113320
58295591113320
58295591113320
58295591113320
58295591113320
58295591113320
58295591113320
58295591113320
58295591113320
58295591113320
58295591113320
58295591113320
58295591113320
58295591113320
58295591113320
58295591113320
58295591113320
58295591113320
58295591113320
58295591113320
58295591113320
58295591113320
58295591113320
58295591113320
58295591113320
58295591113320
58295591113320
58295591113320
58295591113320
58295591113320
58295591113320
58295591113320
58295591113320
58295591113320
58295591113320
58295591113320
58295591113320
58295591113320
58295591113320
58295591113320
58295591113320
58295591113320
58295591113320
58295591113320
58295591113320
58295591113320
58295591113320
58295591113320
58295591113320
58295591113320
58295591113320
58295591113320
58295591113320
58295591113320
58295591113320
58295591113320
58295591113320
58295591113320
58295591113320
58295591113320
58295591113320
58295591113320
58295591113320
58295591113320
58295591113320
58295591113320
58295591113320
58295591113320
58295591113320
58295591113320
58295591113320
58295591113320
58295591113320
58295591113320
58295591113320
58295591113320
58295591113320
58295591113320
58295591113320
58295591113320
58295591113320
58295591113320
58295591113320
58295591113320
58295591113320
58295591113320
58295591113320
58295591113320
58295591113320
58295591113320
58295591113320
58295591113320
58295591113320
58295591113320
58295591113320
58295591113320
58295591113320
58295591113320
58295591113320
58295591113320
58295591113320
58295591113320
58295591113320
58295591113320
58295591113320
58295591113320
58295591113320
58295591113320
58295591113320
58295591113320
58295591113320
58295591113320
58295591113320
58295591113320
58295591113320
58295591113320
58295591113320
58295591113320
58295591113320
58295591113320
58295591113320
58295591113320
58295591113320
58295591113320
58295591113320
58295591113320
58295591113320
58295591113320
58295591113320
58295591113320
58295591113320
58295591113320
58295591113320
58295591113320
58295591113320
58295591113320
58295591113320
58295591113320
58295591113320
58295591113320
58295591113320
58295591113320
58295591113320
58295591113320
58295591113320
58295591113320
58295591113320
58295591113320
58295591113320
58295591113320
58295591113320
58295591113320
58295591113320
58295591113320
58295591113320
58295591113320
58295591113320
58295591113320
58295591113320
58295591113320
58295591113320
58295591113320
58295591113320
58295591113320
58295591113320
58295591113320
58295591113320
58295591113320
58295591113320
58295591113320
58295591113320
58295591113320
58295591113320
58295591113320
58295591113320
58295591113320
58295591113320
58295591113320
58295591113320
58295591113320
58295591113320
58295591113320
58295591113320
58295591113320
58295591113320
58295591113320
58295591113320
58295591113320
58295591113320
58295591113320
58295591113320
58295591113320
58295591113320
58295591113320
58295591113320
58295591113320
58295591113320
58295591113320
58295591113320
58295591113320
58295591113320
58295591113320
58295591113320
58295591113320
58295591113320
58295591113320
58295591113320
